<?xml version="1.0" encoding="UTF-8"?>
<!-- Generated by org.testng.reporters.JUnitReportReporter -->
<testsuite skipped="0" hostname="PRS_2016_7" name="cris.apos.tests.TCLogin" tests="1" failures="0" timestamp="13 Dec 2018 10:02:47 GMT" time="37.762" errors="0">
  <testcase name="test_TCLogin" time="37.762" classname="cris.apos.tests.TCLogin"/>
</testsuite> <!-- cris.apos.tests.TCLogin -->
