<?xml version="1.0" encoding="UTF-8"?>
<!-- Generated by org.testng.reporters.JUnitReportReporter -->
<testsuite skipped="0" hostname="PRS_2016_7" name="cris.apos.tests.TCDailyReportsVerifyLinks" tests="1" failures="0" timestamp="13 Dec 2018 07:40:29 GMT" time="277.014" errors="0">
  <testcase name="test_TCDailyReportsVerifyLinks" time="277.014" classname="cris.apos.tests.TCDailyReportsVerifyLinks"/>
</testsuite> <!-- cris.apos.tests.TCDailyReportsVerifyLinks -->
