<?xml version="1.0" encoding="UTF-8"?>
<!-- Generated by org.testng.reporters.JUnitReportReporter -->
<testsuite skipped="0" hostname="PRS_2016_7" name="cris.apos.tests.TCPeriodicReportsVerifyLinks" tests="1" failures="0" timestamp="13 Dec 2018 06:29:28 GMT" time="712.300" errors="0">
  <testcase name="test_TCDailyReportsVerifyLinks" time="712.300" classname="cris.apos.tests.TCPeriodicReportsVerifyLinks"/>
</testsuite> <!-- cris.apos.tests.TCPeriodicReportsVerifyLinks -->
