<?xml version="1.0" encoding="UTF-8"?>
<!-- Generated by org.testng.reporters.JUnitReportReporter -->
<testsuite skipped="0" hostname="PRS_2016_7" name="cris.apos.tests.TCAccountsReportVerifyLinks" tests="1" failures="0" timestamp="13 Dec 2018 06:40:50 GMT" time="52.536" errors="0">
  <testcase name="test_TCDailyReportsVerifyLinks" time="52.536" classname="cris.apos.tests.TCAccountsReportVerifyLinks"/>
</testsuite> <!-- cris.apos.tests.TCAccountsReportVerifyLinks -->
