<?xml version="1.0" encoding="UTF-8"?>
<!-- Generated by org.testng.reporters.JUnitReportReporter -->
<testsuite skipped="0" hostname="PRS_2016_7" name="cris.apos.tests.TCEarningStatementVerifyLinks" tests="1" failures="0" timestamp="14 Dec 2018 05:59:52 GMT" time="31.518" errors="0">
  <testcase name="test_TCDailyReportsVerifyLinks" time="31.518" classname="cris.apos.tests.TCEarningStatementVerifyLinks"/>
</testsuite> <!-- cris.apos.tests.TCEarningStatementVerifyLinks -->
